<?xml version="1.0" encoding="UTF-8"?>
<!-- Generated by org.testng.reporters.JUnitReportReporter -->
<testsuite hostname="AMT-Laptop" failures="0" tests="4" name="api.test.UserTests" time="9.818" errors="0" timestamp="2023-09-07T13:08:04 IST" skipped="0">
  <testcase classname="api.test.UserTests" name="testPostUser" time="4.622"/>
  <system-out/>
  <testcase classname="api.test.UserTests" name="testGetUserByName" time="1.351"/>
  <system-out/>
  <testcase classname="api.test.UserTests" name="testUpdateUserByName" time="2.550"/>
  <system-out/>
  <testcase classname="api.test.UserTests" name="testDeleteUserByName" time="1.295"/>
  <system-out/>
</testsuite> <!-- api.test.UserTests -->
