<?xml version="1.0" encoding="UTF-8"?>
<!-- Generated by org.testng.reporters.JUnitReportReporter -->
<testsuite hostname="AMT-Laptop" failures="0" tests="4" name="api.test.UserTests" time="10.299" errors="0" timestamp="2023-09-07T15:51:54 IST" skipped="0">
  <testcase classname="api.test.UserTests" name="testPostUser" time="4.985"/>
  <system-out/>
  <testcase classname="api.test.UserTests" name="testGetUserByName" time="1.446"/>
  <system-out/>
  <testcase classname="api.test.UserTests" name="testUpdateUserByName" time="2.551"/>
  <system-out/>
  <testcase classname="api.test.UserTests" name="testDeleteUserByName" time="1.317"/>
  <system-out/>
</testsuite> <!-- api.test.UserTests -->
